<?xml version="1.0" encoding="UTF-8"?>
<testsuite name="runner.TestRunner" time="0.003" tests="29" errors="0" skipped="0" failures="0">
  <properties>
    <property name="java.runtime.name" value="Java(TM) SE Runtime Environment"/>
    <property name="java.vm.version" value="11.0.10+8-LTS-162"/>
    <property name="sun.boot.library.path" value="C:\Program Files\Java\jdk-11.0.10\bin"/>
    <property name="maven.multiModuleProjectDirectory" value="C:\Users\amaar\eclipse-workspace\app"/>
    <property name="java.vm.vendor" value="Oracle Corporation"/>
    <property name="java.vendor.url" value="https://openjdk.java.net/"/>
    <property name="guice.disable.misplaced.annotation.check" value="true"/>
    <property name="path.separator" value=";"/>
    <property name="java.vm.name" value="Java HotSpot(TM) 64-Bit Server VM"/>
    <property name="sun.os.patch.level" value=""/>
    <property name="user.script" value=""/>
    <property name="user.country" value="US"/>
    <property name="sun.java.launcher" value="SUN_STANDARD"/>
    <property name="java.vm.specification.name" value="Java Virtual Machine Specification"/>
    <property name="user.dir" value="C:\Users\amaar\eclipse-workspace\app"/>
    <property name="java.vm.compressedOopsMode" value="Zero based"/>
    <property name="java.runtime.version" value="11.0.10+8-LTS-162"/>
    <property name="java.awt.graphicsenv" value="sun.awt.Win32GraphicsEnvironment"/>
    <property name="os.arch" value="amd64"/>
    <property name="java.io.tmpdir" value="C:\Users\amaar\AppData\Local\Temp\"/>
    <property name="line.separator" value="&#10;"/>
    <property name="java.vm.specification.vendor" value="Oracle Corporation"/>
    <property name="user.variant" value=""/>
    <property name="os.name" value="Windows 10"/>
    <property name="classworlds.conf" value="C:\Users\amaar\eclipse-workspace\.metadata\.plugins\org.eclipse.m2e.launching\launches\m2conf13342465625628395792.tmp"/>
    <property name="sun.jnu.encoding" value="Cp1252"/>
    <property name="java.library.path" value="C:\Program Files\Java\jdk-11.0.10\bin;C:\WINDOWS\Sun\Java\bin;C:\WINDOWS\system32;C:\WINDOWS;C:\Program Files\Common Files\Oracle\Java\javapath;C:\App\db_home\bin;C:\WINDOWS\system32;C:\WINDOWS;C:\WINDOWS\System32\Wbem;C:\WINDOWS\System32\WindowsPowerShell\v1.0\;C:\WINDOWS\System32\OpenSSH\;C:\Users\amaar\Downloads\maven\apache-maven-3.8.1\bin;C:\Users\amaar\AppData\Local\Microsoft\WindowsApps;C:\Users\amaar\AppData\Local\Programs\Git\cmd;C:\Users\amaar\AppData\Local\Programs\Git\mingw64\bin;C:\Users\amaar\AppData\Local\Programs\Git\usr\bin;C:\Users\amaar\AppData\Local\GitHubDesktop\bin;."/>
    <property name="jdk.debug" value="release"/>
    <property name="java.class.version" value="55.0"/>
    <property name="java.specification.name" value="Java Platform API Specification"/>
    <property name="sun.management.compiler" value="HotSpot 64-Bit Tiered Compilers"/>
    <property name="os.version" value="10.0"/>
    <property name="user.home" value="C:\Users\amaar"/>
    <property name="user.timezone" value="America/New_York"/>
    <property name="java.awt.printerjob" value="sun.awt.windows.WPrinterJob"/>
    <property name="file.encoding" value="Cp1252"/>
    <property name="java.specification.version" value="11"/>
    <property name="user.name" value="amaar"/>
    <property name="java.class.path" value="C:\Users\amaar\.p2\pool\plugins\org.eclipse.m2e.maven.runtime_1.16.0.20210129-0849\jars\plexus-classworlds-2.6.0.jar"/>
    <property name="java.vm.specification.version" value="11"/>
    <property name="sun.arch.data.model" value="64"/>
    <property name="sun.java.command" value="org.codehaus.plexus.classworlds.launcher.Launcher -B test"/>
    <property name="java.home" value="C:\Program Files\Java\jdk-11.0.10"/>
    <property name="user.language" value="en"/>
    <property name="java.specification.vendor" value="Oracle Corporation"/>
    <property name="awt.toolkit" value="sun.awt.windows.WToolkit"/>
    <property name="java.vm.info" value="mixed mode"/>
    <property name="java.version" value="11.0.10"/>
    <property name="java.vendor" value="Oracle Corporation"/>
    <property name="maven.home" value="C:\Users\amaar\eclipse-workspace\app\EMBEDDED"/>
    <property name="file.separator" value="\"/>
    <property name="java.version.date" value="2021-01-19"/>
    <property name="java.vendor.url.bug" value="https://bugreport.java.com/bugreport/"/>
    <property name="sun.io.unicode.encoding" value="UnicodeLittle"/>
    <property name="sun.cpu.endian" value="little"/>
    <property name="java.vendor.version" value="18.9"/>
    <property name="sun.desktop" value="windows"/>
    <property name="sun.cpu.isalist" value="amd64"/>
  </properties>
  <testcase name="Given I open my browser" classname="Scenario: Create and save an account" time="0"/>
  <testcase name="And I visit my application" classname="Scenario: Create and save an account" time="0"/>
  <testcase name="And I enter &quot;test.user@gmail.com.test&quot; as username" classname="Scenario: Create and save an account" time="0"/>
  <testcase name="And I enter &quot;Welcome2&quot; as password" classname="Scenario: Create and save an account" time="0"/>
  <testcase name="When I click the login button" classname="Scenario: Create and save an account" time="0"/>
  <testcase name="Then I should see the dashboard page" classname="Scenario: Create and save an account" time="0"/>
  <testcase name="And I click the &quot;Accounts&quot; tab" classname="Scenario: Create and save an account" time="0"/>
  <testcase name="And I click the &quot;New&quot; button" classname="Scenario: Create and save an account" time="0"/>
  <testcase name="And I enter &quot;Muhammad&quot; in the account name field" classname="Scenario: Create and save an account" time="0"/>
  <testcase name="And I select &quot;Yes&quot; for the &quot;Active&quot; dropdown field" classname="Scenario: Create and save an account" time="0"/>
  <testcase name="And I click the &quot;Save&quot; button" classname="Scenario: Create and save an account" time="0"/>
  <testcase name="And I close the browser" classname="Scenario: Create and save an account" time="0"/>
  <testcase name="Scenario: Create and save an account" classname="Scenario: Create and save an account" time="0.001"/>
  <testcase name="Given I open the browser" classname="Scenario: Using valid credentials I should be able to login" time="0"/>
  <testcase name="And I visit the application" classname="Scenario: Using valid credentials I should be able to login" time="0"/>
  <testcase name="And I enter &quot;test.user@gmail.com.test&quot; as username" classname="Scenario: Using valid credentials I should be able to login" time="0"/>
  <testcase name="And I enter &quot;Welcome2&quot; as password" classname="Scenario: Using valid credentials I should be able to login" time="0"/>
  <testcase name="When I click the login button" classname="Scenario: Using valid credentials I should be able to login" time="0"/>
  <testcase name="Then I should see the dashboard page" classname="Scenario: Using valid credentials I should be able to login" time="0"/>
  <testcase name="And I close the browser" classname="Scenario: Using valid credentials I should be able to login" time="0"/>
  <testcase name="Scenario: Using valid credentials I should be able to login" classname="Scenario: Using valid credentials I should be able to login" time="0.001"/>
  <testcase name="Given I open the browser" classname="Scenario: Using in-valid credentials I should not be able to log in" time="0"/>
  <testcase name="And I visit the application" classname="Scenario: Using in-valid credentials I should not be able to log in" time="0"/>
  <testcase name="And I enter &quot;test.user222@gmail.com.test&quot; as username" classname="Scenario: Using in-valid credentials I should not be able to log in" time="0"/>
  <testcase name="And I enter &quot;Welcome222&quot; as password" classname="Scenario: Using in-valid credentials I should not be able to log in" time="0"/>
  <testcase name="When I click the login button" classname="Scenario: Using in-valid credentials I should not be able to log in" time="0"/>
  <testcase name="Then I should see and error message" classname="Scenario: Using in-valid credentials I should not be able to log in" time="0"/>
  <testcase name="And I close the browser" classname="Scenario: Using in-valid credentials I should not be able to log in" time="0"/>
  <testcase name="Scenario: Using in-valid credentials I should not be able to log in" classname="Scenario: Using in-valid credentials I should not be able to log in" time="0.001"/>
</testsuite>